c:\users\dell\desktop\c++\football_league\football_league\debug\vc140.pdb
c:\users\dell\desktop\c++\football_league\football_league\debug\vc140.idb
c:\users\dell\desktop\c++\football_league\football_league\debug\activeplayer.obj
c:\users\dell\desktop\c++\football_league\football_league\debug\coach.obj
c:\users\dell\desktop\c++\football_league\football_league\debug\directory.obj
c:\users\dell\desktop\c++\football_league\football_league\debug\league.obj
c:\users\dell\desktop\c++\football_league\football_league\debug\main.obj
c:\users\dell\desktop\c++\football_league\football_league\debug\person.obj
c:\users\dell\desktop\c++\football_league\football_league\debug\player.obj
c:\users\dell\desktop\c++\football_league\football_league\debug\profissionaladvisor.obj
c:\users\dell\desktop\c++\football_league\football_league\debug\rehabilitation.obj
c:\users\dell\desktop\c++\football_league\football_league\debug\retiredplayer.obj
c:\users\dell\desktop\c++\football_league\football_league\debug\team.obj
c:\users\dell\desktop\c++\football_league\football_league\debug\youthteam.obj
c:\users\dell\desktop\c++\football_league\football_league\debug\active.obj
c:\users\dell\desktop\c++\football_league\football_league\debug\retired.obj
c:\users\dell\desktop\c++\football_league\debug\football_league.ilk
c:\users\dell\desktop\c++\football_league\debug\football_league.exe
c:\users\dell\desktop\c++\football_league\debug\football_league.pdb
c:\users\dell\desktop\c++\football_league\football_league\debug\football_league.tlog\cl.command.1.tlog
c:\users\dell\desktop\c++\football_league\football_league\debug\football_league.tlog\cl.read.1.tlog
c:\users\dell\desktop\c++\football_league\football_league\debug\football_league.tlog\cl.write.1.tlog
c:\users\dell\desktop\c++\football_league\football_league\debug\football_league.tlog\link.command.1.tlog
c:\users\dell\desktop\c++\football_league\football_league\debug\football_league.tlog\link.read.1.tlog
c:\users\dell\desktop\c++\football_league\football_league\debug\football_league.tlog\link.write.1.tlog
